info it worked if it ends with ok
verbose cli [ 'node', '/usr/local/bin/npm', 'publish', '.', '-force' ]
info using npm@1.1.21
info using node@v0.6.18
verbose config file /Users/gjtorikian/.npmrc
verbose config file /usr/local/etc/npmrc
verbose config file /usr/local/lib/node_modules/npm/npmrc
verbose publish [ '.' ]
verbose cache add [ '.', null ]
silly cache add: name, spec, args [ undefined, '.', [ '.', null ] ]
verbose parsed url { pathname: '.', path: '.', href: '.' }
ERR! Could not install: .
ERR! Error: Invalid 'version' field: 4
ERR! 'version' Must be X.Y.Z, with an optional trailing tag.
ERR! See the section on 'version' in `npm help json`
ERR!     at /usr/local/lib/node_modules/npm/lib/utils/read-json.js:404:13
ERR!     at /usr/local/lib/node_modules/npm/lib/utils/read-json.js:192:32
ERR!     at P (/usr/local/lib/node_modules/npm/lib/utils/read-json.js:168:40)
ERR!     at /usr/local/lib/node_modules/npm/lib/utils/read-json.js:134:7
ERR!     at [object Object].<anonymous> (fs.js:123:5)
ERR!     at [object Object].emit (events.js:64:17)
ERR!     at fs.js:1188:12
ERR!     at Object.oncomplete (/usr/local/lib/node_modules/npm/node_modules/graceful-fs/graceful-fs.js:94:5)
ERR! You may report this log at:
ERR!     <http://github.com/isaacs/npm/issues>
ERR! or email it to:
ERR!     <npm-@googlegroups.com>
ERR! 
ERR! System Darwin 11.4.0
ERR! command "node" "/usr/local/bin/npm" "publish" "." "-force"
ERR! cwd /Users/gjtorikian/Developer/panda-docs
ERR! node -v v0.6.18
ERR! npm -v 1.1.21
ERR! message Invalid 'version' field: 4
ERR! message 'version' Must be X.Y.Z, with an optional trailing tag.
ERR! message See the section on 'version' in `npm help json`
verbose exit [ 1, true ]
